app/build/intermediates/manifest_merge_blame_file/all32Debug/manifest-merger-blame-all32-debug-report.txt
1<?xml version="1.0" encoding="utf-8"?>
2<manifest xmlns:android="http://schemas.android.com/apk/res/android"
3    package="cn.com.buildwin.goskydemo"
4    android:versionCode="19071210"
5    android:versionName="1.36" >
6
7    <uses-sdk
8        android:minSdkVersion="24"
8-->src\main\AndroidManifest.xml
9        android:targetSdkVersion="30" />
9-->src\main\AndroidManifest.xml
10
11    <uses-permission android:name="android.permission.INTERNET" />
11-->src\main\AndroidManifest.xml:6:5-66
11-->src\main\AndroidManifest.xml:6:22-64
12    <uses-permission android:name="android.permission.WRITE_EXTERNAL_STORAGE" />
12-->src\main\AndroidManifest.xml:7:5-80
12-->src\main\AndroidManifest.xml:7:22-78
13    <uses-permission android:name="android.permission.READ_EXTERNAL_STORAGE" />
13-->src\main\AndroidManifest.xml:8:5-79
13-->src\main\AndroidManifest.xml:8:22-77
14    <uses-permission android:name="android.permission.MANAGE_EXTERNAL_STORAGE" />
14-->src\main\AndroidManifest.xml:9:5-81
14-->src\main\AndroidManifest.xml:9:22-79
15    <uses-permission android:name="android.permission.CHANGE_WIFI_MULTICAST_STATE" />
15-->src\main\AndroidManifest.xml:11:5-85
15-->src\main\AndroidManifest.xml:11:22-83
16
17    <!-- Android 8.0 compatible -->
18    <uses-permission android:name="android.permission.REQUEST_INSTALL_PACKAGES" />
18-->src\main\AndroidManifest.xml:14:5-83
18-->src\main\AndroidManifest.xml:14:22-80
19
20    <!-- OpenGL ES 2.0 -->
21    <!-- <uses-feature android:glEsVersion="0x00020000"/> -->
22    <application
22-->src\main\AndroidManifest.xml:19:5-36:19
23        android:name="cn.com.buildwin.gosky.application.GoSkyApplication"
23-->src\main\AndroidManifest.xml:20:9-53
24        android:allowBackup="true"
24-->src\main\AndroidManifest.xml:21:9-35
25        android:appComponentFactory="android.support.v4.app.CoreComponentFactory"
25-->[com.android.support:support-compat:28.0.0] AndroidManifest.xml:22:18-91
26        android:debuggable="true"
27        android:extractNativeLibs="false"
28        android:hardwareAccelerated="true"
28-->src\main\AndroidManifest.xml:22:9-43
29        android:icon="@mipmap/icon"
29-->src\main\AndroidManifest.xml:23:9-36
30        android:label="@string/app_name"
30-->src\main\AndroidManifest.xml:24:9-41
31        android:requestLegacyExternalStorage="true"
31-->src\main\AndroidManifest.xml:25:9-52
32        android:testOnly="true"
33        android:theme="@style/AppTheme" >
33-->src\main\AndroidManifest.xml:26:9-40
34        <activity
34-->src\main\AndroidManifest.xml:27:9-35:20
35            android:name="cn.com.buildwin.gosky.activities.PreviewActivity"
35-->src\main\AndroidManifest.xml:28:13-55
36            android:configChanges="orientation|screenSize"
36-->src\main\AndroidManifest.xml:29:13-59
37            android:screenOrientation="landscape" >
37-->src\main\AndroidManifest.xml:30:13-50
38            <intent-filter>
38-->src\main\AndroidManifest.xml:31:13-34:29
39                <action android:name="android.intent.action.MAIN" />
39-->src\main\AndroidManifest.xml:32:17-68
39-->src\main\AndroidManifest.xml:32:25-66
40
41                <category android:name="android.intent.category.LAUNCHER" />
41-->src\main\AndroidManifest.xml:33:17-76
41-->src\main\AndroidManifest.xml:33:27-74
42            </intent-filter>
43        </activity>
44    </application>
45
46</manifest>